/app/pod.yaml:1:1: [warning] missing document start "---" (document-start)
/app/build-agent.yaml:1:1: [warning] missing document start "---" (document-start)
/app/build-agent.yaml:43:10: [error] wrong indentation: expected 8 but found 9 (indentation)
/app/build-agent.yaml:45:10: [error] wrong indentation: expected 8 but found 9 (indentation)
/app/build-agent.yaml:47:10: [error] wrong indentation: expected 8 but found 9 (indentation)
/app/build-agent.yaml:53:8: [error] wrong indentation: expected 8 but found 7 (indentation)
/app/build-agent.yaml:68:9: [error] wrong indentation: expected 10 but found 8 (indentation)
/app/deploy/dso-demo-deploy.yaml:1:1: [warning] missing document start "---" (document-start)
/app/deploy/dso-demo-deploy.yaml:21:7: [error] wrong indentation: expected 8 but found 6 (indentation)
/app/deploy/dso-demo-deploy.yaml:24:9: [error] wrong indentation: expected 10 but found 8 (indentation)
/app/deploy/dso-demo-svc.yaml:1:1: [warning] missing document start "---" (document-start)
/app/deploy/dso-demo-svc.yaml:10:3: [error] wrong indentation: expected 4 but found 2 (indentation)
/app/doc/dependency_decisions.yml:4:10: [error] trailing spaces (trailing-spaces)
/app/doc/dependency_decisions.yml:5:10: [error] trailing spaces (trailing-spaces)
/app/doc/dependency_decisions.yml:10:10: [error] trailing spaces (trailing-spaces)
/app/doc/dependency_decisions.yml:11:10: [error] trailing spaces (trailing-spaces)
/app/doc/dependency_decisions.yml:16:10: [error] trailing spaces (trailing-spaces)
/app/doc/dependency_decisions.yml:17:10: [error] trailing spaces (trailing-spaces)
/app/doc/dependency_decisions.yml:22:10: [error] trailing spaces (trailing-spaces)
/app/doc/dependency_decisions.yml:23:10: [error] trailing spaces (trailing-spaces)
/app/doc/dependency_decisions.yml:28:10: [error] trailing spaces (trailing-spaces)
/app/doc/dependency_decisions.yml:29:10: [error] trailing spaces (trailing-spaces)
/app/doc/dependency_decisions.yml:34:10: [error] trailing spaces (trailing-spaces)
/app/doc/dependency_decisions.yml:35:10: [error] trailing spaces (trailing-spaces)
/app/doc/dependency_decisions.yml:40:10: [error] trailing spaces (trailing-spaces)
/app/doc/dependency_decisions.yml:41:10: [error] trailing spaces (trailing-spaces)
/app/doc/dependency_decisions.yml:43:5: [error] wrong indentation: expected at least 5 (indentation)
/app/doc/dependency_decisions.yml:47:10: [error] trailing spaces (trailing-spaces)
/app/doc/dependency_decisions.yml:48:10: [error] trailing spaces (trailing-spaces)
/app/doc/dependency_decisions.yml:50:5: [error] wrong indentation: expected at least 5 (indentation)
/app/doc/dependency_decisions.yml:54:10: [error] trailing spaces (trailing-spaces)
/app/doc/dependency_decisions.yml:55:10: [error] trailing spaces (trailing-spaces)
/app/doc/dependency_decisions.yml:57:5: [error] wrong indentation: expected at least 5 (indentation)
/app/doc/dependency_decisions.yml:61:10: [error] trailing spaces (trailing-spaces)
/app/doc/dependency_decisions.yml:62:10: [error] trailing spaces (trailing-spaces)
/app/doc/dependency_decisions.yml:64:5: [error] wrong indentation: expected at least 5 (indentation)
/app/doc/dependency_decisions.yml:68:10: [error] trailing spaces (trailing-spaces)
/app/doc/dependency_decisions.yml:69:10: [error] trailing spaces (trailing-spaces)
/app/doc/dependency_decisions.yml:71:5: [error] wrong indentation: expected at least 5 (indentation)
